<?xml version="1.0" encoding="UTF-8"?>
<!-- Generated by org.testng.reporters.JUnitReportReporter -->
<testsuite skipped="0" hostname="mukthara-a01.vmware.com" name="com.muks.redis.TestRedis" tests="1" failures="0" timestamp="2020-09-25T16:29:23 IST" time="1.061" errors="0">
  <testcase name="testSanity" time="1.061" classname="com.muks.redis.TestRedis"/>
  <system-out/>
</testsuite> <!-- com.muks.redis.TestRedis -->
