<?xml version="1.0" encoding="UTF-8"?>
<!-- Generated by org.testng.reporters.JUnitReportReporter -->
<testsuite skipped="0" hostname="mukthara-a01.vmware.com" name="com.platform.core.TestsUser" tests="4" failures="0" timestamp="2020-09-28T19:23:47 IST" time="0.101" errors="0">
  <testcase name="TestUserCacheQuery" time="0.005" classname="com.platform.core.TestsUser"/>
  <system-out/>
  <testcase name="TestUserChangingSchema" time="0.016" classname="com.platform.core.TestsUser"/>
  <system-out/>
  <testcase name="TestUserRegistration" time="0.004" classname="com.platform.core.TestsUser"/>
  <system-out/>
  <testcase name="TestUserById" time="0.076" classname="com.platform.core.TestsUser"/>
  <system-out/>
</testsuite> <!-- com.platform.core.TestsUser -->
