<?xml version="1.0" encoding="UTF-8"?>
<!-- Generated by org.testng.reporters.JUnitReportReporter -->
<testsuite skipped="0" hostname="mukthara-a01.vmware.com" name="com.platform.core.TestsUser" tests="1" failures="0" timestamp="2020-09-25T16:29:25 IST" time="0.063" errors="0">
  <testcase name="TestUserRegistration" time="0.063" classname="com.platform.core.TestsUser"/>
  <system-out/>
</testsuite> <!-- com.platform.core.TestsUser -->
