<?xml version="1.0" encoding="UTF-8"?>
<testsuite xmlns:xsi="http://www.w3.org/2001/XMLSchema-instance" xsi:noNamespaceSchemaLocation="https://maven.apache.org/surefire/maven-surefire-plugin/xsd/surefire-test-report.xsd" name="com.platform.core.TestsUser" time="1" tests="4" errors="0" skipped="0" failures="0">
  <properties>
    <property name="gopherProxySet" value="false"/>
    <property name="awt.toolkit" value="sun.lwawt.macosx.LWCToolkit"/>
    <property name="file.encoding.pkg" value="sun.io"/>
    <property name="java.specification.version" value="1.8"/>
    <property name="sun.cpu.isalist" value=""/>
    <property name="sun.jnu.encoding" value="UTF-8"/>
    <property name="java.class.path" value="/Users/mukthara/Data/git/personal/interviews/platform/platform-core/target/test-classes:/Users/mukthara/Data/git/personal/interviews/platform/platform-core/target/classes:/Users/mukthara/.m2/repository/org/testng/testng/7.3.0/testng-7.3.0.jar:/Users/mukthara/.m2/repository/com/beust/jcommander/1.78/jcommander-1.78.jar:/Users/mukthara/.m2/repository/org/apache/ant/ant/1.10.3/ant-1.10.3.jar:/Users/mukthara/.m2/repository/org/apache/ant/ant-launcher/1.10.3/ant-launcher-1.10.3.jar:/Users/mukthara/.m2/repository/junit/junit/4.12/junit-4.12.jar:/Users/mukthara/.m2/repository/org/hamcrest/hamcrest-core/1.3/hamcrest-core-1.3.jar:/Users/mukthara/.m2/repository/com/google/inject/guice/4.2.2/guice-4.2.2-no_aop.jar:/Users/mukthara/.m2/repository/javax/inject/javax.inject/1/javax.inject-1.jar:/Users/mukthara/.m2/repository/aopalliance/aopalliance/1.0/aopalliance-1.0.jar:/Users/mukthara/.m2/repository/com/google/guava/guava/25.1-android/guava-25.1-android.jar:/Users/mukthara/.m2/repository/com/google/code/findbugs/jsr305/3.0.2/jsr305-3.0.2.jar:/Users/mukthara/.m2/repository/org/checkerframework/checker-compat-qual/2.0.0/checker-compat-qual-2.0.0.jar:/Users/mukthara/.m2/repository/com/google/errorprone/error_prone_annotations/2.1.3/error_prone_annotations-2.1.3.jar:/Users/mukthara/.m2/repository/com/google/j2objc/j2objc-annotations/1.1/j2objc-annotations-1.1.jar:/Users/mukthara/.m2/repository/org/codehaus/mojo/animal-sniffer-annotations/1.14/animal-sniffer-annotations-1.14.jar:/Users/mukthara/.m2/repository/org/yaml/snakeyaml/1.21/snakeyaml-1.21.jar:/Users/mukthara/Data/git/personal/interviews/platform/cache-man/target/cahce-man-1.0.jar:/Users/mukthara/.m2/repository/org/redisson/redisson/3.7.3/redisson-3.7.3.jar:/Users/mukthara/.m2/repository/io/netty/netty-common/4.1.25.Final/netty-common-4.1.25.Final.jar:/Users/mukthara/.m2/repository/io/netty/netty-codec/4.1.25.Final/netty-codec-4.1.25.Final.jar:/Users/mukthara/.m2/repository/io/netty/netty-buffer/4.1.25.Final/netty-buffer-4.1.25.Final.jar:/Users/mukthara/.m2/repository/io/netty/netty-transport/4.1.25.Final/netty-transport-4.1.25.Final.jar:/Users/mukthara/.m2/repository/io/netty/netty-resolver/4.1.25.Final/netty-resolver-4.1.25.Final.jar:/Users/mukthara/.m2/repository/io/netty/netty-resolver-dns/4.1.25.Final/netty-resolver-dns-4.1.25.Final.jar:/Users/mukthara/.m2/repository/io/netty/netty-codec-dns/4.1.25.Final/netty-codec-dns-4.1.25.Final.jar:/Users/mukthara/.m2/repository/io/netty/netty-handler/4.1.25.Final/netty-handler-4.1.25.Final.jar:/Users/mukthara/.m2/repository/javax/cache/cache-api/1.0.0/cache-api-1.0.0.jar:/Users/mukthara/.m2/repository/io/projectreactor/reactor-core/3.1.7.RELEASE/reactor-core-3.1.7.RELEASE.jar:/Users/mukthara/.m2/repository/org/reactivestreams/reactive-streams/1.0.2/reactive-streams-1.0.2.jar:/Users/mukthara/.m2/repository/org/slf4j/slf4j-api/1.7.25/slf4j-api-1.7.25.jar:/Users/mukthara/.m2/repository/com/fasterxml/jackson/dataformat/jackson-dataformat-yaml/2.7.9/jackson-dataformat-yaml-2.7.9.jar:/Users/mukthara/.m2/repository/net/bytebuddy/byte-buddy/1.8.11/byte-buddy-1.8.11.jar:/Users/mukthara/.m2/repository/org/jodd/jodd-bean/3.7.1/jodd-bean-3.7.1.jar:/Users/mukthara/.m2/repository/org/jodd/jodd-core/3.7.1/jodd-core-3.7.1.jar:/Users/mukthara/.m2/repository/com/fasterxml/jackson/core/jackson-core/2.11.0.rc1/jackson-core-2.11.0.rc1.jar:/Users/mukthara/.m2/repository/com/fasterxml/jackson/core/jackson-databind/2.9.4/jackson-databind-2.9.4.jar:/Users/mukthara/.m2/repository/com/fasterxml/jackson/core/jackson-annotations/2.9.0/jackson-annotations-2.9.0.jar:/Users/mukthara/.m2/repository/org/apache/maven/surefire/surefire-testng-utils/2.20.1/surefire-testng-utils-2.20.1.jar:/Users/mukthara/.m2/repository/org/apache/maven/surefire/surefire-grouper/2.20.1/surefire-grouper-2.20.1.jar:"/>
    <property name="java.vm.vendor" value="Oracle Corporation"/>
    <property name="sun.arch.data.model" value="64"/>
    <property name="java.vendor.url" value="http://java.oracle.com/"/>
    <property name="user.timezone" value=""/>
    <property name="java.vm.specification.version" value="1.8"/>
    <property name="os.name" value="Mac OS X"/>
    <property name="user.country" value="US"/>
    <property name="sun.java.launcher" value="SUN_STANDARD"/>
    <property name="sun.boot.library.path" value="/Library/Java/JavaVirtualMachines/jdk1.8.0_162.jdk/Contents/Home/jre/lib"/>
    <property name="sun.java.command" value="/Users/mukthara/Data/git/personal/interviews/platform/platform-core/target/surefire/surefirebooter5856802344018839415.jar /Users/mukthara/Data/git/personal/interviews/platform/platform-core/target/surefire 2020-09-28T19-23-43_613-jvmRun1 surefire1319783818793410792tmp surefire_17460451425227135283tmp"/>
    <property name="surefire.test.class.path" value="/Users/mukthara/Data/git/personal/interviews/platform/platform-core/target/test-classes:/Users/mukthara/Data/git/personal/interviews/platform/platform-core/target/classes:/Users/mukthara/.m2/repository/org/testng/testng/7.3.0/testng-7.3.0.jar:/Users/mukthara/.m2/repository/com/beust/jcommander/1.78/jcommander-1.78.jar:/Users/mukthara/.m2/repository/org/apache/ant/ant/1.10.3/ant-1.10.3.jar:/Users/mukthara/.m2/repository/org/apache/ant/ant-launcher/1.10.3/ant-launcher-1.10.3.jar:/Users/mukthara/.m2/repository/junit/junit/4.12/junit-4.12.jar:/Users/mukthara/.m2/repository/org/hamcrest/hamcrest-core/1.3/hamcrest-core-1.3.jar:/Users/mukthara/.m2/repository/com/google/inject/guice/4.2.2/guice-4.2.2-no_aop.jar:/Users/mukthara/.m2/repository/javax/inject/javax.inject/1/javax.inject-1.jar:/Users/mukthara/.m2/repository/aopalliance/aopalliance/1.0/aopalliance-1.0.jar:/Users/mukthara/.m2/repository/com/google/guava/guava/25.1-android/guava-25.1-android.jar:/Users/mukthara/.m2/repository/com/google/code/findbugs/jsr305/3.0.2/jsr305-3.0.2.jar:/Users/mukthara/.m2/repository/org/checkerframework/checker-compat-qual/2.0.0/checker-compat-qual-2.0.0.jar:/Users/mukthara/.m2/repository/com/google/errorprone/error_prone_annotations/2.1.3/error_prone_annotations-2.1.3.jar:/Users/mukthara/.m2/repository/com/google/j2objc/j2objc-annotations/1.1/j2objc-annotations-1.1.jar:/Users/mukthara/.m2/repository/org/codehaus/mojo/animal-sniffer-annotations/1.14/animal-sniffer-annotations-1.14.jar:/Users/mukthara/.m2/repository/org/yaml/snakeyaml/1.21/snakeyaml-1.21.jar:/Users/mukthara/Data/git/personal/interviews/platform/cache-man/target/cahce-man-1.0.jar:/Users/mukthara/.m2/repository/org/redisson/redisson/3.7.3/redisson-3.7.3.jar:/Users/mukthara/.m2/repository/io/netty/netty-common/4.1.25.Final/netty-common-4.1.25.Final.jar:/Users/mukthara/.m2/repository/io/netty/netty-codec/4.1.25.Final/netty-codec-4.1.25.Final.jar:/Users/mukthara/.m2/repository/io/netty/netty-buffer/4.1.25.Final/netty-buffer-4.1.25.Final.jar:/Users/mukthara/.m2/repository/io/netty/netty-transport/4.1.25.Final/netty-transport-4.1.25.Final.jar:/Users/mukthara/.m2/repository/io/netty/netty-resolver/4.1.25.Final/netty-resolver-4.1.25.Final.jar:/Users/mukthara/.m2/repository/io/netty/netty-resolver-dns/4.1.25.Final/netty-resolver-dns-4.1.25.Final.jar:/Users/mukthara/.m2/repository/io/netty/netty-codec-dns/4.1.25.Final/netty-codec-dns-4.1.25.Final.jar:/Users/mukthara/.m2/repository/io/netty/netty-handler/4.1.25.Final/netty-handler-4.1.25.Final.jar:/Users/mukthara/.m2/repository/javax/cache/cache-api/1.0.0/cache-api-1.0.0.jar:/Users/mukthara/.m2/repository/io/projectreactor/reactor-core/3.1.7.RELEASE/reactor-core-3.1.7.RELEASE.jar:/Users/mukthara/.m2/repository/org/reactivestreams/reactive-streams/1.0.2/reactive-streams-1.0.2.jar:/Users/mukthara/.m2/repository/org/slf4j/slf4j-api/1.7.25/slf4j-api-1.7.25.jar:/Users/mukthara/.m2/repository/com/fasterxml/jackson/dataformat/jackson-dataformat-yaml/2.7.9/jackson-dataformat-yaml-2.7.9.jar:/Users/mukthara/.m2/repository/net/bytebuddy/byte-buddy/1.8.11/byte-buddy-1.8.11.jar:/Users/mukthara/.m2/repository/org/jodd/jodd-bean/3.7.1/jodd-bean-3.7.1.jar:/Users/mukthara/.m2/repository/org/jodd/jodd-core/3.7.1/jodd-core-3.7.1.jar:/Users/mukthara/.m2/repository/com/fasterxml/jackson/core/jackson-core/2.11.0.rc1/jackson-core-2.11.0.rc1.jar:/Users/mukthara/.m2/repository/com/fasterxml/jackson/core/jackson-databind/2.9.4/jackson-databind-2.9.4.jar:/Users/mukthara/.m2/repository/com/fasterxml/jackson/core/jackson-annotations/2.9.0/jackson-annotations-2.9.0.jar:/Users/mukthara/.m2/repository/org/apache/maven/surefire/surefire-testng-utils/2.20.1/surefire-testng-utils-2.20.1.jar:/Users/mukthara/.m2/repository/org/apache/maven/surefire/surefire-grouper/2.20.1/surefire-grouper-2.20.1.jar:"/>
    <property name="sun.cpu.endian" value="little"/>
    <property name="user.home" value="/Users/mukthara"/>
    <property name="user.language" value="en"/>
    <property name="java.specification.vendor" value="Oracle Corporation"/>
    <property name="java.home" value="/Library/Java/JavaVirtualMachines/jdk1.8.0_162.jdk/Contents/Home/jre"/>
    <property name="testng.dtd.http" value="true"/>
    <property name="basedir" value="/Users/mukthara/Data/git/personal/interviews/platform/platform-core"/>
    <property name="file.separator" value="/"/>
    <property name="line.separator" value="&#10;"/>
    <property name="java.vm.specification.vendor" value="Oracle Corporation"/>
    <property name="java.specification.name" value="Java Platform API Specification"/>
    <property name="java.awt.graphicsenv" value="sun.awt.CGraphicsEnvironment"/>
    <property name="surefire.real.class.path" value="/Users/mukthara/Data/git/personal/interviews/platform/platform-core/target/surefire/surefirebooter5856802344018839415.jar"/>
    <property name="sun.boot.class.path" value="/Library/Java/JavaVirtualMachines/jdk1.8.0_162.jdk/Contents/Home/jre/lib/resources.jar:/Library/Java/JavaVirtualMachines/jdk1.8.0_162.jdk/Contents/Home/jre/lib/rt.jar:/Library/Java/JavaVirtualMachines/jdk1.8.0_162.jdk/Contents/Home/jre/lib/sunrsasign.jar:/Library/Java/JavaVirtualMachines/jdk1.8.0_162.jdk/Contents/Home/jre/lib/jsse.jar:/Library/Java/JavaVirtualMachines/jdk1.8.0_162.jdk/Contents/Home/jre/lib/jce.jar:/Library/Java/JavaVirtualMachines/jdk1.8.0_162.jdk/Contents/Home/jre/lib/charsets.jar:/Library/Java/JavaVirtualMachines/jdk1.8.0_162.jdk/Contents/Home/jre/lib/jfr.jar:/Library/Java/JavaVirtualMachines/jdk1.8.0_162.jdk/Contents/Home/jre/classes"/>
    <property name="sun.management.compiler" value="HotSpot 64-Bit Tiered Compilers"/>
    <property name="java.runtime.version" value="1.8.0_162-b12"/>
    <property name="user.name" value="mukthara"/>
    <property name="path.separator" value=":"/>
    <property name="os.version" value="10.15.6"/>
    <property name="java.endorsed.dirs" value="/Library/Java/JavaVirtualMachines/jdk1.8.0_162.jdk/Contents/Home/jre/lib/endorsed"/>
    <property name="java.runtime.name" value="Java(TM) SE Runtime Environment"/>
    <property name="file.encoding" value="UTF-8"/>
    <property name="java.vm.name" value="Java HotSpot(TM) 64-Bit Server VM"/>
    <property name="localRepository" value="/Users/mukthara/.m2/repository"/>
    <property name="java.vendor.url.bug" value="http://bugreport.sun.com/bugreport/"/>
    <property name="java.io.tmpdir" value="/var/folders/y4/hff8sb1s26ngp37b73l86g6w0000gq/T/"/>
    <property name="java.version" value="1.8.0_162"/>
    <property name="user.dir" value="/Users/mukthara/Data/git/personal/interviews/platform/platform-core"/>
    <property name="os.arch" value="x86_64"/>
    <property name="java.vm.specification.name" value="Java Virtual Machine Specification"/>
    <property name="java.awt.printerjob" value="sun.lwawt.macosx.CPrinterJob"/>
    <property name="sun.os.patch.level" value="unknown"/>
    <property name="java.library.path" value="/Users/mukthara/Library/Java/Extensions:/Library/Java/Extensions:/Network/Library/Java/Extensions:/System/Library/Java/Extensions:/usr/lib/java:."/>
    <property name="java.vm.info" value="mixed mode"/>
    <property name="java.vendor" value="Oracle Corporation"/>
    <property name="java.vm.version" value="25.162-b12"/>
    <property name="java.ext.dirs" value="/Users/mukthara/Library/Java/Extensions:/Library/Java/JavaVirtualMachines/jdk1.8.0_162.jdk/Contents/Home/jre/lib/ext:/Library/Java/Extensions:/Network/Library/Java/Extensions:/System/Library/Java/Extensions:/usr/lib/java"/>
    <property name="sun.io.unicode.encoding" value="UnicodeBig"/>
    <property name="java.class.version" value="52.0"/>
  </properties>
  <testcase name="TestUserById" classname="com.platform.core.TestsUser" time="0.076"/>
  <testcase name="TestUserCacheQuery" classname="com.platform.core.TestsUser" time="0.006"/>
  <testcase name="TestUserChangingSchema" classname="com.platform.core.TestsUser" time="0.016"/>
  <testcase name="TestUserRegistration" classname="com.platform.core.TestsUser" time="0.005"/>
</testsuite>